<?xml version="1.0" encoding="UTF-8"?>
<!-- Generated by org.testng.reporters.JUnitXMLReporter -->
<testsuite hostname="DESKTOP-AVN6NAM" ignored="0" name="Test" tests="9" failures="0" timestamp="22 Apr 2024 14:56:54 GMT" time="4.053" errors="0">
  <testcase name="TC1" time="2.239" classname="org.testing.TestScripts.TC1_PostRequest"/>
  <testcase name="TC7" time="0.181" classname="org.testing.TestScripts.TC7_GetAllReqOnline"/>
  <testcase name="TC2" time="0.023" classname="org.testing.TestScripts.TC2_GetAllRequest"/>
  <testcase name="TC8" time="0.442" classname="org.testing.TestScripts.TC8_GetPartiReqOnline"/>
  <testcase name="TC3" time="0.014" classname="org.testing.TestScripts.TC3_GetParticular"/>
  <testcase name="TC9" time="0.495" classname="org.testing.TestScripts.TC9_PutReqOnline"/>
  <testcase name="TC4" time="0.013" classname="org.testing.TestScripts.TC4_PutRequest"/>
  <testcase name="TC10" time="0.599" classname="org.testing.TestScripts.TC10_DelReqOnline"/>
  <testcase name="TC5" time="0.016" classname="org.testing.TestScripts.TC5_DeletRequest"/>
</testsuite> <!-- Test -->
