<?xml version="1.0" encoding="UTF-8"?>
<testng-results skipped="0" failed="0" ignored="0" total="9" passed="9">
  <reporter-output>
  </reporter-output>
  <suite name="Suite" duration-ms="4053" started-at="2024-04-22T14:56:50Z" finished-at="2024-04-22T14:56:54Z">
    <groups>
    </groups>
    <test name="Test" duration-ms="4053" started-at="2024-04-22T14:56:50Z" finished-at="2024-04-22T14:56:54Z">
      <class name="org.testing.TestScripts.TC4_PutRequest">
        <test-method status="PASS" signature="TC4()[pri:0, instance:org.testing.TestScripts.TC4_PutRequest@5e316c74]" name="TC4" duration-ms="13" started-at="2024-04-22T20:26:54Z" finished-at="2024-04-22T20:26:54Z">
          <reporter-output>
          </reporter-output>
        </test-method> <!-- TC4 -->
      </class> <!-- org.testing.TestScripts.TC4_PutRequest -->
      <class name="org.testing.TestScripts.TC2_GetAllRequest">
        <test-method status="PASS" signature="TC2()[pri:0, instance:org.testing.TestScripts.TC2_GetAllRequest@48fa0f47]" name="TC2" duration-ms="23" started-at="2024-04-22T20:26:53Z" finished-at="2024-04-22T20:26:53Z">
          <reporter-output>
          </reporter-output>
        </test-method> <!-- TC2 -->
      </class> <!-- org.testing.TestScripts.TC2_GetAllRequest -->
      <class name="org.testing.TestScripts.TC5_DeletRequest">
        <test-method status="PASS" signature="TC5()[pri:0, instance:org.testing.TestScripts.TC5_DeletRequest@6d2a209c]" name="TC5" duration-ms="16" started-at="2024-04-22T20:26:54Z" finished-at="2024-04-22T20:26:54Z">
          <reporter-output>
          </reporter-output>
        </test-method> <!-- TC5 -->
      </class> <!-- org.testing.TestScripts.TC5_DeletRequest -->
      <class name="org.testing.TestScripts.TC7_GetAllReqOnline">
        <test-method status="PASS" signature="TC7()[pri:0, instance:org.testing.TestScripts.TC7_GetAllReqOnline@75329a49]" name="TC7" duration-ms="181" started-at="2024-04-22T20:26:53Z" finished-at="2024-04-22T20:26:53Z">
          <reporter-output>
          </reporter-output>
        </test-method> <!-- TC7 -->
      </class> <!-- org.testing.TestScripts.TC7_GetAllReqOnline -->
      <class name="org.testing.TestScripts.TC9_PutReqOnline">
        <test-method status="PASS" signature="TC9()[pri:0, instance:org.testing.TestScripts.TC9_PutReqOnline@4313f5bc]" name="TC9" duration-ms="495" started-at="2024-04-22T20:26:53Z" finished-at="2024-04-22T20:26:54Z">
          <reporter-output>
          </reporter-output>
        </test-method> <!-- TC9 -->
      </class> <!-- org.testing.TestScripts.TC9_PutReqOnline -->
      <class name="org.testing.TestScripts.TC1_PostRequest">
        <test-method status="PASS" signature="TC1()[pri:0, instance:org.testing.TestScripts.TC1_PostRequest@12e61fe6]" name="TC1" duration-ms="2239" started-at="2024-04-22T20:26:50Z" finished-at="2024-04-22T20:26:53Z">
          <reporter-output>
          </reporter-output>
        </test-method> <!-- TC1 -->
      </class> <!-- org.testing.TestScripts.TC1_PostRequest -->
      <class name="org.testing.TestScripts.TC8_GetPartiReqOnline">
        <test-method status="PASS" signature="TC8()[pri:0, instance:org.testing.TestScripts.TC8_GetPartiReqOnline@161479c6]" name="TC8" duration-ms="442" started-at="2024-04-22T20:26:53Z" finished-at="2024-04-22T20:26:53Z">
          <reporter-output>
          </reporter-output>
        </test-method> <!-- TC8 -->
      </class> <!-- org.testing.TestScripts.TC8_GetPartiReqOnline -->
      <class name="org.testing.TestScripts.TC3_GetParticular">
        <test-method status="PASS" signature="TC3()[pri:0, instance:org.testing.TestScripts.TC3_GetParticular@6ac13091]" name="TC3" duration-ms="14" started-at="2024-04-22T20:26:53Z" finished-at="2024-04-22T20:26:53Z">
          <reporter-output>
          </reporter-output>
        </test-method> <!-- TC3 -->
      </class> <!-- org.testing.TestScripts.TC3_GetParticular -->
      <class name="org.testing.TestScripts.TC10_DelReqOnline">
        <test-method status="PASS" signature="TC10()[pri:0, instance:org.testing.TestScripts.TC10_DelReqOnline@7f010382]" name="TC10" duration-ms="599" started-at="2024-04-22T20:26:54Z" finished-at="2024-04-22T20:26:54Z">
          <reporter-output>
          </reporter-output>
        </test-method> <!-- TC10 -->
      </class> <!-- org.testing.TestScripts.TC10_DelReqOnline -->
    </test> <!-- Test -->
  </suite> <!-- Suite -->
</testng-results>
